Arguments: 
  /Users/deenjohn/.nvm/versions/node/v12.22.12/bin/node /Users/deenjohn/.nvm/versions/node/v12.22.12/bin/yarn

PATH: 
  /Library/Frameworks/Python.framework/Versions/3.11/bin:/Users/deenjohn/.nvm/versions/node/v12.22.12/bin:/opt/homebrew/bin:/opt/homebrew/sbin:/usr/local/bin:/System/Cryptexes/App/usr/bin:/usr/bin:/bin:/usr/sbin:/sbin:/usr/local/mysql/bin:/Library/Apple/usr/bin:/Library/Frameworks/Python.framework/Versions/3.11/bin:/Users/deenjohn/.nvm/versions/node/v12.22.12/bin:/opt/homebrew/bin:/opt/homebrew/sbin

Yarn version: 
  1.22.19

Node version: 
  12.22.12

Platform: 
  darwin x64

Trace: 
  Error: https://registry.yarnpkg.com/@emotion%2freact: ETIMEDOUT
      at Timeout._onTimeout (/Users/deenjohn/.nvm/versions/node/v12.22.12/lib/node_modules/yarn/lib/cli.js:141550:19)
      at listOnTimeout (internal/timers.js:554:17)
      at processTimers (internal/timers.js:497:7)

npm manifest: 
  {
    "name": "excercise-deen",
    "version": "0.1.0",
    "private": true,
    "scripts": {
      "dev": "next dev",
      "build": "next build",
      "start": "next start",
      "lint": "next lint"
    },
    "dependencies": {
      "@emotion/react": "^11.11.1",
      "@emotion/styled": "^11.11.0",
      "@mui/material": "^5.14.2",
      "@types/node": "20.4.5",
      "@types/react": "18.2.17",
      "@types/react-dom": "18.2.7",
      "autoprefixer": "10.4.14",
      "clsx": "^2.0.0",
      "eslint": "8.46.0",
      "eslint-config-next": "13.4.12",
      "framer-motion": "^10.15.0",
      "lucide-react": "^0.263.1",
      "next": "13.4.12",
      "postcss": "8.4.27",
      "react": "18.2.0",
      "react-dom": "18.2.0",
      "react-svg": "^16.1.19",
      "tailwind-merge": "^1.14.0",
      "tailwindcss": "3.3.3",
      "tailwindcss-debug-screens": "^2.2.1",
      "typescript": "5.1.6",
      "zustand": "^4.3.9"
    }
  }

yarn manifest: 
  No manifest

Lockfile: 
  No lockfile
